env.spec.id:  ur5_push_no_gripper-v1
args: 
------------------------------------------
ARGS                     VALUE          
|env_name               | ur5_push_no_gripper-v1|
|n_epochs               | 80             |
|n_cycles               | 50             |
|n_batches              | 40             |
|save_interval          | 5              |
|seed                   | 123            |
|num_workers            | 1              |
|replay_strategy        | future         |
|clip_return            | 50             |
|save_dir               | saved_models/  |
|noise_eps              | 0.2            |
|random_eps             | 0.3            |
|buffer_size            | 1000000        |
|replay_k               | 4              |
|clip_obs               | 200            |
|batch_size             | 256            |
|gamma                  | 0.98           |
|action_l2              | 1              |
|lr_actor               | 0.001          |
|lr_critic              | 0.001          |
|polyak                 | 0.95           |
|n_test_rollouts        | 10             |
|clip_range             | 5              |
|demo_length            | 20             |
|cuda                   | 0              |
|num_rollouts_per_mpi   | 2              |
|continue_training      | 1              |
------------------------------------------
env_inits: 
ENV_INIT                 VALUE          
|gripper_extra_height   | -0.4           |
|has_object             | 1              |
|target_in_the_air      | 0              |
|target_offset          | 0.0            |
|obj_range              | 0.2            |
|target_range           | 0.2            |
|distance_threshold     | 0.025          |
|reward_type            | sparse         |
|max_pos_change         | 0.05           |
|reduced_obs            | 1              |
------------------------------------------
env_dimensions: 
|obs                    | 19             |
|goal                   | 3              |
|action                 | 4              |
|action_max             | 1.0            |
|max_timesteps          | 100            |
------------------------------------------
CONTINUE TRAINING...
Continuing from 2022-01-06T12:14:59.084091_epoch_20.pt 
log file from last prior training:

env.spec.id:  ur5_push_no_gripper-v1

args: 

------------------------------------------

ARGS                     VALUE          

|env_name               | ur5_push_no_gripper-v1|

|n_epochs               | 80             |

|n_cycles               | 50             |

|n_batches              | 40             |

|save_interval          | 5              |

|seed                   | 123            |

|num_workers            | 1              |

|replay_strategy        | future         |

|clip_return            | 50             |

|save_dir               | saved_models/  |

|noise_eps              | 0.2            |

|random_eps             | 0.3            |

|buffer_size            | 1000000        |

|replay_k               | 4              |

|clip_obs               | 200            |

|batch_size             | 256            |

|gamma                  | 0.98           |

|action_l2              | 1              |

|lr_actor               | 0.001          |

|lr_critic              | 0.001          |

|polyak                 | 0.95           |

|n_test_rollouts        | 10             |

|clip_range             | 5              |

|demo_length            | 20             |

|cuda                   | 0              |

|num_rollouts_per_mpi   | 2              |

|continue_training      | 0              |

------------------------------------------

env_inits: 

ENV_INIT                 VALUE          

|gripper_extra_height   | -0.8           |

|has_object             | 1              |

|target_in_the_air      | 0              |

|target_offset          | 0.0            |

|obj_range              | 0.15           |

|target_range           | 0.2            |

|distance_threshold     | 0.05           |

|reward_type            | sparse         |

|max_pos_change         | 0.05           |

|reduced_obs            | 1              |

------------------------------------------

env_dimensions: 

|obs                    | 19             |

|goal                   | 3              |

|action                 | 4              |

|action_max             | 1.0            |

|max_timesteps          | 100            |

------------------------------------------

[2022-01-06 11:31:04.107885] epoch is: 0, eval success rate is: 0.000, std is: 0.000

[2022-01-06 11:33:20.309614] epoch is: 1, eval success rate is: 0.000, std is: 0.000

[2022-01-06 11:35:36.241498] epoch is: 2, eval success rate is: 0.100, std is: 0.122

[2022-01-06 11:37:54.102299] epoch is: 3, eval success rate is: 0.100, std is: 0.071

[2022-01-06 11:40:41.393009] epoch is: 4, eval success rate is: 0.200, std is: 0.122

[2022-01-06 11:42:56.825945] epoch is: 5, eval success rate is: 0.225, std is: 0.043

[2022-01-06 11:45:05.125950] epoch is: 6, eval success rate is: 0.175, std is: 0.043

[2022-01-06 11:47:08.956046] epoch is: 7, eval success rate is: 0.250, std is: 0.166

[2022-01-06 11:49:19.116552] epoch is: 8, eval success rate is: 0.450, std is: 0.180

[2022-01-06 11:51:29.793424] epoch is: 9, eval success rate is: 0.550, std is: 0.087

[2022-01-06 11:53:42.306280] epoch is: 10, eval success rate is: 0.550, std is: 0.206

[2022-01-06 11:55:47.357649] epoch is: 11, eval success rate is: 0.525, std is: 0.109

[2022-01-06 11:57:53.140111] epoch is: 12, eval success rate is: 0.550, std is: 0.087

[2022-01-06 11:59:59.853478] epoch is: 13, eval success rate is: 0.550, std is: 0.112

[2022-01-06 12:02:08.319248] epoch is: 14, eval success rate is: 0.750, std is: 0.166

[2022-01-06 12:04:14.136263] epoch is: 15, eval success rate is: 0.775, std is: 0.109

[2022-01-06 12:06:39.354461] epoch is: 16, eval success rate is: 0.800, std is: 0.071

[2022-01-06 12:08:42.418407] epoch is: 17, eval success rate is: 0.950, std is: 0.050

[2022-01-06 12:10:46.912400] epoch is: 18, eval success rate is: 0.950, std is: 0.050

[2022-01-06 12:12:53.680483] epoch is: 19, eval success rate is: 0.950, std is: 0.050

[2022-01-06 12:14:59.083902] epoch is: 20, eval success rate is: 1.000, std is: 0.000

------------------------------------------
[2022-01-06 12:23:36.840593] epoch is: 0, eval success rate is: 0.000, std is: 0.000
[2022-01-06 12:25:35.245722] epoch is: 1, eval success rate is: 0.000, std is: 0.000
[2022-01-06 12:27:22.327496] epoch is: 2, eval success rate is: 0.000, std is: 0.000
[2022-01-06 12:29:09.974938] epoch is: 3, eval success rate is: 0.000, std is: 0.000
[2022-01-06 12:30:58.739381] epoch is: 4, eval success rate is: 0.000, std is: 0.000
[2022-01-06 12:32:49.340406] epoch is: 5, eval success rate is: 0.000, std is: 0.000
[2022-01-06 12:34:40.886377] epoch is: 6, eval success rate is: 0.025, std is: 0.043
[2022-01-06 12:36:31.993248] epoch is: 7, eval success rate is: 0.000, std is: 0.000
[2022-01-06 12:38:24.203769] epoch is: 8, eval success rate is: 0.025, std is: 0.043
[2022-01-06 12:40:15.401064] epoch is: 9, eval success rate is: 0.000, std is: 0.000
[2022-01-06 12:42:07.246631] epoch is: 10, eval success rate is: 0.000, std is: 0.000
[2022-01-06 12:43:58.461118] epoch is: 11, eval success rate is: 0.000, std is: 0.000
[2022-01-06 12:45:51.584738] epoch is: 12, eval success rate is: 0.050, std is: 0.050
[2022-01-06 12:47:42.339450] epoch is: 13, eval success rate is: 0.025, std is: 0.043
[2022-01-06 12:49:32.640395] epoch is: 14, eval success rate is: 0.075, std is: 0.043
[2022-01-06 12:51:24.051207] epoch is: 15, eval success rate is: 0.175, std is: 0.083
[2022-01-06 12:53:15.911688] epoch is: 16, eval success rate is: 0.425, std is: 0.109
[2022-01-06 12:55:08.000821] epoch is: 17, eval success rate is: 0.400, std is: 0.100
[2022-01-06 12:56:59.655095] epoch is: 18, eval success rate is: 0.600, std is: 0.141
[2022-01-06 12:58:51.648121] epoch is: 19, eval success rate is: 0.500, std is: 0.122
[2022-01-06 13:00:43.038449] epoch is: 20, eval success rate is: 0.150, std is: 0.050
[2022-01-06 13:02:35.654237] epoch is: 21, eval success rate is: 0.550, std is: 0.166
[2022-01-06 13:04:27.614254] epoch is: 22, eval success rate is: 0.525, std is: 0.043
[2022-01-06 13:06:19.865416] epoch is: 23, eval success rate is: 0.575, std is: 0.228
[2022-01-06 13:08:13.845810] epoch is: 24, eval success rate is: 0.525, std is: 0.130
[2022-01-06 13:10:06.467997] epoch is: 25, eval success rate is: 0.625, std is: 0.043
[2022-01-06 13:11:59.800991] epoch is: 26, eval success rate is: 0.650, std is: 0.087
[2022-01-06 13:13:55.198949] epoch is: 27, eval success rate is: 0.625, std is: 0.148
[2022-01-06 13:15:48.435246] epoch is: 28, eval success rate is: 0.825, std is: 0.130
[2022-01-06 13:17:43.713879] epoch is: 29, eval success rate is: 0.700, std is: 0.122
[2022-01-06 13:19:37.998653] epoch is: 30, eval success rate is: 0.800, std is: 0.187
[2022-01-06 13:21:33.194235] epoch is: 31, eval success rate is: 0.875, std is: 0.130
[2022-01-06 13:23:28.009404] epoch is: 32, eval success rate is: 0.825, std is: 0.205
[2022-01-06 13:25:22.288337] epoch is: 33, eval success rate is: 0.975, std is: 0.043
[2022-01-06 13:27:17.471183] epoch is: 34, eval success rate is: 0.850, std is: 0.050
[2022-01-06 13:29:12.247149] epoch is: 35, eval success rate is: 0.775, std is: 0.130
[2022-01-06 13:31:07.505397] epoch is: 36, eval success rate is: 0.875, std is: 0.109
[2022-01-06 13:33:03.680418] epoch is: 37, eval success rate is: 0.925, std is: 0.043
[2022-01-06 13:35:00.127896] epoch is: 38, eval success rate is: 0.975, std is: 0.043
[2022-01-06 13:36:55.899951] epoch is: 39, eval success rate is: 0.925, std is: 0.083
[2022-01-06 13:38:53.063316] epoch is: 40, eval success rate is: 0.975, std is: 0.043
[2022-01-06 13:40:48.570279] epoch is: 41, eval success rate is: 1.000, std is: 0.000
