env.spec.id:  ur5_pick_and_place-v1
args: 
------------------------------------------
ARGS                     VALUE          
|env_name               | ur5_pick_and_place-v1|
|n_epochs               | 80             |
|n_cycles               | 50             |
|n_batches              | 40             |
|save_interval          | 5              |
|seed                   | 123            |
|num_workers            | 1              |
|replay_strategy        | future         |
|clip_return            | 50             |
|save_dir               | saved_models/  |
|noise_eps              | 0.2            |
|random_eps             | 0.3            |
|buffer_size            | 1000000        |
|replay_k               | 4              |
|clip_obs               | 200            |
|batch_size             | 256            |
|gamma                  | 0.98           |
|action_l2              | 1              |
|lr_actor               | 0.001          |
|lr_critic              | 0.001          |
|polyak                 | 0.95           |
|n_test_rollouts        | 10             |
|clip_range             | 5              |
|demo_length            | 20             |
|cuda                   | 0              |
|num_rollouts_per_mpi   | 2              |
|continue_training      | 1              |
------------------------------------------
env_inits: 
ENV_INIT                 VALUE          
|gripper_extra_height   | -0.2           |
|has_object             | 1              |
|target_in_the_air      | 1              |
|target_offset          | 0.0            |
|obj_range              | 0.15           |
|target_range           | 0.15           |
|distance_threshold     | 0.05           |
|reward_type            | sparse         |
|max_pos_change         | 0.025          |
|reduced_obs            | 1              |
------------------------------------------
env_dimensions: 
|obs                    | 19             |
|goal                   | 3              |
|action                 | 4              |
|action_max             | 1.0            |
|max_timesteps          | 100            |
------------------------------------------
CONTINUE TRAINING...
Continuing from 2021-12-13T16:27:59.322577_epoch_38.pt 
log file from last prior training:

env.spec.id:  ur5_pick_and_place-v1

args: 

------------------------------------------

ARGS                     VALUE          

|env_name               | ur5_pick_and_place-v1|

|n_epochs               | 80             |

|n_cycles               | 50             |

|n_batches              | 40             |

|save_interval          | 5              |

|seed                   | 123            |

|num_workers            | 1              |

|replay_strategy        | future         |

|clip_return            | 50             |

|save_dir               | saved_models/  |

|noise_eps              | 0.2            |

|random_eps             | 0.3            |

|buffer_size            | 1000000        |

|replay_k               | 4              |

|clip_obs               | 200            |

|batch_size             | 256            |

|gamma                  | 0.98           |

|action_l2              | 1              |

|lr_actor               | 0.001          |

|lr_critic              | 0.001          |

|polyak                 | 0.95           |

|n_test_rollouts        | 10             |

|clip_range             | 5              |

|demo_length            | 20             |

|cuda                   | 0              |

|num_rollouts_per_mpi   | 2              |

|continue_training      | 0              |

------------------------------------------

env_inits: 

ENV_INIT                 VALUE          

|gripper_extra_height   | -0.2           |

|has_object             | 1              |

|target_in_the_air      | 1              |

|target_offset          | 0.0            |

|obj_range              | 0.15           |

|target_range           | 0.15           |

|distance_threshold     | 0.05           |

|reward_type            | sparse         |

|max_pos_change         | 0.025          |

|reduced_obs            | 1              |

------------------------------------------

env_dimensions: 

|obs                    | 19             |

|goal                   | 3              |

|action                 | 4              |

|action_max             | 1.0            |

|max_timesteps          | 100            |

------------------------------------------

[2021-12-13 14:42:35.632633] epoch is: 0, eval success rate is: 0.000, std is: 0.000

[2021-12-13 14:44:49.006870] epoch is: 1, eval success rate is: 0.000, std is: 0.000

[2021-12-13 14:47:40.599805] epoch is: 2, eval success rate is: 0.000, std is: 0.000

[2021-12-13 14:50:56.283457] epoch is: 3, eval success rate is: 0.025, std is: 0.043

[2021-12-13 14:53:57.381999] epoch is: 4, eval success rate is: 0.000, std is: 0.000

[2021-12-13 14:56:56.977290] epoch is: 5, eval success rate is: 0.075, std is: 0.083

[2021-12-13 14:59:20.907345] epoch is: 6, eval success rate is: 0.025, std is: 0.043

[2021-12-13 15:01:27.996946] epoch is: 7, eval success rate is: 0.000, std is: 0.000

[2021-12-13 15:03:35.655017] epoch is: 8, eval success rate is: 0.000, std is: 0.000

[2021-12-13 15:05:43.744784] epoch is: 9, eval success rate is: 0.025, std is: 0.043

[2021-12-13 15:08:15.994157] epoch is: 10, eval success rate is: 0.025, std is: 0.043

[2021-12-13 15:10:34.646958] epoch is: 11, eval success rate is: 0.050, std is: 0.050

[2021-12-13 15:12:51.973665] epoch is: 12, eval success rate is: 0.025, std is: 0.043

[2021-12-13 15:15:08.621072] epoch is: 13, eval success rate is: 0.025, std is: 0.043

[2021-12-13 15:17:27.312914] epoch is: 14, eval success rate is: 0.025, std is: 0.043

[2021-12-13 15:21:24.870262] epoch is: 15, eval success rate is: 0.100, std is: 0.000

[2021-12-13 15:24:54.429044] epoch is: 16, eval success rate is: 0.075, std is: 0.083

[2021-12-13 15:28:15.126490] epoch is: 17, eval success rate is: 0.125, std is: 0.043

[2021-12-13 15:31:39.994274] epoch is: 18, eval success rate is: 0.150, std is: 0.112

[2021-12-13 15:34:55.000570] epoch is: 19, eval success rate is: 0.150, std is: 0.112

[2021-12-13 15:38:02.627984] epoch is: 20, eval success rate is: 0.200, std is: 0.071

[2021-12-13 15:41:13.029453] epoch is: 21, eval success rate is: 0.100, std is: 0.071

[2021-12-13 15:44:23.279505] epoch is: 22, eval success rate is: 0.225, std is: 0.083

[2021-12-13 15:47:51.924695] epoch is: 23, eval success rate is: 0.250, std is: 0.050

[2021-12-13 15:51:22.890850] epoch is: 24, eval success rate is: 0.400, std is: 0.122

[2021-12-13 15:54:15.739506] epoch is: 25, eval success rate is: 0.200, std is: 0.122

[2021-12-13 15:57:39.169968] epoch is: 26, eval success rate is: 0.275, std is: 0.083

[2021-12-13 16:00:54.793118] epoch is: 27, eval success rate is: 0.450, std is: 0.206

[2021-12-13 16:04:28.959043] epoch is: 28, eval success rate is: 0.650, std is: 0.112

[2021-12-13 16:07:40.459783] epoch is: 29, eval success rate is: 0.625, std is: 0.164

[2021-12-13 16:09:49.513167] epoch is: 30, eval success rate is: 0.925, std is: 0.083

[2021-12-13 16:11:59.410893] epoch is: 31, eval success rate is: 0.925, std is: 0.043

[2021-12-13 16:14:10.851577] epoch is: 32, eval success rate is: 0.900, std is: 0.071

[2021-12-13 16:16:31.274368] epoch is: 33, eval success rate is: 0.875, std is: 0.083

[2021-12-13 16:18:44.596450] epoch is: 34, eval success rate is: 0.950, std is: 0.050

[2021-12-13 16:20:58.087388] epoch is: 35, eval success rate is: 0.925, std is: 0.083

[2021-12-13 16:23:13.731516] epoch is: 36, eval success rate is: 1.000, std is: 0.000

[2021-12-13 16:25:27.962340] epoch is: 37, eval success rate is: 1.000, std is: 0.000

[2021-12-13 16:27:59.322370] epoch is: 38, eval success rate is: 1.000, std is: 0.000

------------------------------------------
[2021-12-13 17:28:04.282746] epoch is: 0, eval success rate is: 0.000, std is: 0.000
[2021-12-13 17:30:31.487363] epoch is: 1, eval success rate is: 0.000, std is: 0.000
[2021-12-13 17:32:55.972614] epoch is: 2, eval success rate is: 0.000, std is: 0.000
[2021-12-13 17:35:09.585289] epoch is: 3, eval success rate is: 0.000, std is: 0.000
[2021-12-13 17:37:23.070476] epoch is: 4, eval success rate is: 0.000, std is: 0.000
[2021-12-13 17:39:43.246354] epoch is: 5, eval success rate is: 0.000, std is: 0.000
[2021-12-13 17:41:51.034618] epoch is: 6, eval success rate is: 0.000, std is: 0.000
[2021-12-13 17:43:57.941894] epoch is: 7, eval success rate is: 0.000, std is: 0.000
[2021-12-13 17:46:05.467201] epoch is: 8, eval success rate is: 0.000, std is: 0.000
[2021-12-13 17:48:13.211410] epoch is: 9, eval success rate is: 0.000, std is: 0.000
[2021-12-13 17:50:20.864405] epoch is: 10, eval success rate is: 0.000, std is: 0.000
[2021-12-13 17:52:30.181004] epoch is: 11, eval success rate is: 0.000, std is: 0.000
[2021-12-13 17:54:38.000975] epoch is: 12, eval success rate is: 0.000, std is: 0.000
[2021-12-13 17:56:45.220684] epoch is: 13, eval success rate is: 0.000, std is: 0.000
[2021-12-13 17:58:52.488457] epoch is: 14, eval success rate is: 0.050, std is: 0.050
[2021-12-13 18:01:00.509652] epoch is: 15, eval success rate is: 0.000, std is: 0.000
[2021-12-13 18:03:09.820991] epoch is: 16, eval success rate is: 0.000, std is: 0.000
[2021-12-13 18:05:17.984752] epoch is: 17, eval success rate is: 0.025, std is: 0.043
[2021-12-13 18:07:26.898421] epoch is: 18, eval success rate is: 0.050, std is: 0.050
[2021-12-13 18:09:36.437229] epoch is: 19, eval success rate is: 0.275, std is: 0.130
[2021-12-13 18:11:44.981637] epoch is: 20, eval success rate is: 0.300, std is: 0.071
[2021-12-13 18:13:53.847250] epoch is: 21, eval success rate is: 0.500, std is: 0.122
[2021-12-13 18:16:02.477352] epoch is: 22, eval success rate is: 0.375, std is: 0.148
[2021-12-13 18:18:10.751157] epoch is: 23, eval success rate is: 0.125, std is: 0.043
[2021-12-13 18:20:19.520277] epoch is: 24, eval success rate is: 0.550, std is: 0.112
[2021-12-13 18:22:30.726396] epoch is: 25, eval success rate is: 0.375, std is: 0.083
[2021-12-13 18:24:39.189806] epoch is: 26, eval success rate is: 0.850, std is: 0.087
[2021-12-13 18:26:47.811059] epoch is: 27, eval success rate is: 0.925, std is: 0.083
[2021-12-13 18:28:57.400867] epoch is: 28, eval success rate is: 0.850, std is: 0.087
[2021-12-13 18:31:06.043608] epoch is: 29, eval success rate is: 1.000, std is: 0.000
[2021-12-13 18:33:14.996513] epoch is: 30, eval success rate is: 0.900, std is: 0.071
[2021-12-13 18:35:23.682927] epoch is: 31, eval success rate is: 1.000, std is: 0.000
[2021-12-13 18:37:32.185210] epoch is: 32, eval success rate is: 0.975, std is: 0.043
[2021-12-13 18:39:40.825537] epoch is: 33, eval success rate is: 0.975, std is: 0.043
[2021-12-13 18:41:49.647608] epoch is: 34, eval success rate is: 0.975, std is: 0.043
[2021-12-13 18:43:59.746007] epoch is: 35, eval success rate is: 1.000, std is: 0.000
[2021-12-13 18:46:09.042195] epoch is: 36, eval success rate is: 1.000, std is: 0.000
