env.spec.id:  ur5_push_no_gripper-v1
args: 
------------------------------------------
ARGS                     VALUE          
|env_name               | ur5_push_no_gripper-v1|
|n_epochs               | 80             |
|n_cycles               | 50             |
|n_batches              | 40             |
|save_interval          | 5              |
|seed                   | 123            |
|num_workers            | 1              |
|replay_strategy        | future         |
|clip_return            | 50             |
|save_dir               | saved_models/  |
|noise_eps              | 0.2            |
|random_eps             | 0.3            |
|buffer_size            | 1000000        |
|replay_k               | 4              |
|clip_obs               | 200            |
|batch_size             | 256            |
|gamma                  | 0.98           |
|action_l2              | 1              |
|lr_actor               | 0.001          |
|lr_critic              | 0.001          |
|polyak                 | 0.95           |
|n_test_rollouts        | 10             |
|clip_range             | 5              |
|demo_length            | 20             |
|cuda                   | 0              |
|num_rollouts_per_mpi   | 2              |
|continue_training      | 0              |
------------------------------------------
env_inits: 
ENV_INIT                 VALUE          
|gripper_extra_height   | -0.8           |
|has_object             | 1              |
|target_in_the_air      | 0              |
|target_offset          | 0.0            |
|obj_range              | 0.15           |
|target_range           | 0.2            |
|distance_threshold     | 0.05           |
|reward_type            | sparse         |
|max_pos_change         | 0.05           |
|reduced_obs            | 1              |
------------------------------------------
env_dimensions: 
|obs                    | 19             |
|goal                   | 3              |
|action                 | 4              |
|action_max             | 1.0            |
|max_timesteps          | 100            |
------------------------------------------
[2022-01-06 11:31:04.107885] epoch is: 0, eval success rate is: 0.000, std is: 0.000
[2022-01-06 11:33:20.309614] epoch is: 1, eval success rate is: 0.000, std is: 0.000
[2022-01-06 11:35:36.241498] epoch is: 2, eval success rate is: 0.100, std is: 0.122
[2022-01-06 11:37:54.102299] epoch is: 3, eval success rate is: 0.100, std is: 0.071
[2022-01-06 11:40:41.393009] epoch is: 4, eval success rate is: 0.200, std is: 0.122
[2022-01-06 11:42:56.825945] epoch is: 5, eval success rate is: 0.225, std is: 0.043
[2022-01-06 11:45:05.125950] epoch is: 6, eval success rate is: 0.175, std is: 0.043
[2022-01-06 11:47:08.956046] epoch is: 7, eval success rate is: 0.250, std is: 0.166
[2022-01-06 11:49:19.116552] epoch is: 8, eval success rate is: 0.450, std is: 0.180
[2022-01-06 11:51:29.793424] epoch is: 9, eval success rate is: 0.550, std is: 0.087
[2022-01-06 11:53:42.306280] epoch is: 10, eval success rate is: 0.550, std is: 0.206
[2022-01-06 11:55:47.357649] epoch is: 11, eval success rate is: 0.525, std is: 0.109
[2022-01-06 11:57:53.140111] epoch is: 12, eval success rate is: 0.550, std is: 0.087
[2022-01-06 11:59:59.853478] epoch is: 13, eval success rate is: 0.550, std is: 0.112
[2022-01-06 12:02:08.319248] epoch is: 14, eval success rate is: 0.750, std is: 0.166
[2022-01-06 12:04:14.136263] epoch is: 15, eval success rate is: 0.775, std is: 0.109
[2022-01-06 12:06:39.354461] epoch is: 16, eval success rate is: 0.800, std is: 0.071
[2022-01-06 12:08:42.418407] epoch is: 17, eval success rate is: 0.950, std is: 0.050
[2022-01-06 12:10:46.912400] epoch is: 18, eval success rate is: 0.950, std is: 0.050
[2022-01-06 12:12:53.680483] epoch is: 19, eval success rate is: 0.950, std is: 0.050
[2022-01-06 12:14:59.083902] epoch is: 20, eval success rate is: 1.000, std is: 0.000
