env.spec.id:  ur5_reach_no_gripper-v1
args: 
------------------------------------------
ARGS                     VALUE          
|env_name               | ur5_reach_no_gripper-v1|
|n_epochs               | 80             |
|n_cycles               | 50             |
|n_batches              | 40             |
|save_interval          | 5              |
|seed                   | 123            |
|num_workers            | 1              |
|replay_strategy        | future         |
|clip_return            | 50             |
|save_dir               | saved_models/  |
|noise_eps              | 0.2            |
|random_eps             | 0.3            |
|buffer_size            | 1000000        |
|replay_k               | 4              |
|clip_obs               | 200            |
|batch_size             | 256            |
|gamma                  | 0.98           |
|action_l2              | 1              |
|lr_actor               | 0.001          |
|lr_critic              | 0.001          |
|polyak                 | 0.95           |
|n_test_rollouts        | 10             |
|clip_range             | 5              |
|demo_length            | 20             |
|cuda                   | 0              |
|num_rollouts_per_mpi   | 2              |
|continue_training      | 0              |
|record_demo            | 0              |
------------------------------------------
env_inits: 
ENV_INIT                 VALUE          
|gripper_extra_height   | 0.0            |
|has_object             | 0              |
|target_in_the_air      | 1              |
|target_offset          | 0.0            |
|obj_range              | 0.15           |
|target_range           | 0.25           |
|distance_threshold     | 0.05           |
|reward_type            | sparse         |
|max_pos_change         | 0.05           |
|reduced_obs            | 1              |
|n_substeps             | 5              |
------------------------------------------
env_dimensions: 
|obs                    | 10             |
|goal                   | 3              |
|action                 | 4              |
|action_max             | 1.0            |
|max_timesteps          | 100            |
------------------------------------------
[2022-02-08 20:55:05.373153] epoch is: 0, eval success rate is: 0.175, std is: 0.083
[2022-02-08 20:56:47.232311] epoch is: 1, eval success rate is: 0.175, std is: 0.130
[2022-02-08 20:58:29.393716] epoch is: 2, eval success rate is: 0.150, std is: 0.112
[2022-02-08 21:00:11.134556] epoch is: 3, eval success rate is: 0.250, std is: 0.050
[2022-02-08 21:01:55.109297] epoch is: 4, eval success rate is: 0.475, std is: 0.043
[2022-02-08 21:03:38.772781] epoch is: 5, eval success rate is: 0.350, std is: 0.112
[2022-02-08 21:05:22.652100] epoch is: 6, eval success rate is: 0.625, std is: 0.130
[2022-02-08 21:07:06.602510] epoch is: 7, eval success rate is: 0.750, std is: 0.112
[2022-02-08 21:08:51.256770] epoch is: 8, eval success rate is: 0.975, std is: 0.043
[2022-02-08 21:10:35.990186] epoch is: 9, eval success rate is: 1.000, std is: 0.000
[2022-02-08 21:12:21.154772] epoch is: 10, eval success rate is: 0.975, std is: 0.043
[2022-02-08 21:14:05.557172] epoch is: 11, eval success rate is: 1.000, std is: 0.000
[2022-02-08 21:15:50.346949] epoch is: 12, eval success rate is: 1.000, std is: 0.000
[2022-02-08 21:17:35.432311] epoch is: 13, eval success rate is: 1.000, std is: 0.000
[2022-02-08 21:19:20.342242] epoch is: 14, eval success rate is: 1.000, std is: 0.000
[2022-02-08 21:21:05.154070] epoch is: 15, eval success rate is: 1.000, std is: 0.000
[2022-02-08 21:22:50.099380] epoch is: 16, eval success rate is: 1.000, std is: 0.000
[2022-02-08 21:24:34.729669] epoch is: 17, eval success rate is: 1.000, std is: 0.000
[2022-02-08 21:26:19.773477] epoch is: 18, eval success rate is: 1.000, std is: 0.000
[2022-02-08 21:28:05.607688] epoch is: 19, eval success rate is: 1.000, std is: 0.000
[2022-02-08 21:29:51.373086] epoch is: 20, eval success rate is: 1.000, std is: 0.000
[2022-02-08 21:31:37.384884] epoch is: 21, eval success rate is: 0.975, std is: 0.043
[2022-02-08 21:33:24.619628] epoch is: 22, eval success rate is: 1.000, std is: 0.000
[2022-02-08 21:35:11.783784] epoch is: 23, eval success rate is: 1.000, std is: 0.000
[2022-02-08 21:36:59.588638] epoch is: 24, eval success rate is: 1.000, std is: 0.000
[2022-02-08 21:38:47.638581] epoch is: 25, eval success rate is: 1.000, std is: 0.000
[2022-02-08 21:40:36.185151] epoch is: 26, eval success rate is: 1.000, std is: 0.000
[2022-02-08 21:42:25.538027] epoch is: 27, eval success rate is: 1.000, std is: 0.000
[2022-02-08 21:44:15.813522] epoch is: 28, eval success rate is: 1.000, std is: 0.000
[2022-02-08 21:46:07.533601] epoch is: 29, eval success rate is: 0.975, std is: 0.043
[2022-02-08 21:47:59.420854] epoch is: 30, eval success rate is: 1.000, std is: 0.000
[2022-02-08 21:49:53.052584] epoch is: 31, eval success rate is: 1.000, std is: 0.000
[2022-02-08 21:51:47.880804] epoch is: 32, eval success rate is: 0.975, std is: 0.043
[2022-02-08 21:53:44.782125] epoch is: 33, eval success rate is: 0.975, std is: 0.043
[2022-02-08 21:55:42.689133] epoch is: 34, eval success rate is: 1.000, std is: 0.000
