env.spec.id:  ur5_push_no_gripper-v1
args: 
------------------------------------------
ARGS                     VALUE          
|env_name               | ur5_push_no_gripper-v1|
|n_epochs               | 80             |
|n_cycles               | 50             |
|n_batches              | 40             |
|save_interval          | 5              |
|seed                   | 123            |
|num_workers            | 1              |
|replay_strategy        | future         |
|clip_return            | 50             |
|save_dir               | saved_models/  |
|noise_eps              | 0.2            |
|random_eps             | 0.3            |
|buffer_size            | 1000000        |
|replay_k               | 4              |
|clip_obs               | 200            |
|batch_size             | 256            |
|gamma                  | 0.98           |
|action_l2              | 1              |
|lr_actor               | 0.001          |
|lr_critic              | 0.001          |
|polyak                 | 0.95           |
|n_test_rollouts        | 10             |
|clip_range             | 5              |
|demo_length            | 20             |
|cuda                   | 0              |
|num_rollouts_per_mpi   | 2              |
|continue_training      | 0              |
|record_demo            | 0              |
------------------------------------------
env_inits: 
ENV_INIT                 VALUE          
|gripper_extra_height   | -0.8           |
|has_object             | 1              |
|target_in_the_air      | 0              |
|target_offset          | 0.0            |
|obj_range              | 0.15           |
|target_range           | 0.2            |
|distance_threshold     | 0.05           |
|reward_type            | sparse         |
|max_pos_change         | 0.05           |
|reduced_obs            | 1              |
|n_substeps             | 20             |
------------------------------------------
env_dimensions: 
|obs                    | 19             |
|goal                   | 3              |
|action                 | 4              |
|action_max             | 1.0            |
|max_timesteps          | 100            |
------------------------------------------
[2022-02-05 16:17:52.061941] epoch is: 0, eval success rate is: 0.000, std is: 0.000
[2022-02-05 16:20:05.843943] epoch is: 1, eval success rate is: 0.000, std is: 0.000
[2022-02-05 16:22:51.427950] epoch is: 2, eval success rate is: 0.000, std is: 0.000
[2022-02-05 16:26:19.746653] epoch is: 3, eval success rate is: 0.000, std is: 0.000
[2022-02-05 16:29:28.174575] epoch is: 4, eval success rate is: 0.000, std is: 0.000
[2022-02-05 16:31:52.974947] epoch is: 5, eval success rate is: 0.025, std is: 0.043
[2022-02-05 16:34:04.270249] epoch is: 6, eval success rate is: 0.000, std is: 0.000
[2022-02-05 16:36:35.929946] epoch is: 7, eval success rate is: 0.025, std is: 0.043
[2022-02-05 16:39:10.639105] epoch is: 8, eval success rate is: 0.000, std is: 0.000
[2022-02-05 16:41:22.967139] epoch is: 9, eval success rate is: 0.000, std is: 0.000
[2022-02-05 16:43:27.527695] epoch is: 10, eval success rate is: 0.000, std is: 0.000
[2022-02-05 16:46:22.484359] epoch is: 11, eval success rate is: 0.050, std is: 0.050
[2022-02-05 16:49:25.840421] epoch is: 12, eval success rate is: 0.000, std is: 0.000
[2022-02-05 16:52:36.485695] epoch is: 13, eval success rate is: 0.075, std is: 0.043
[2022-02-05 16:56:00.004608] epoch is: 14, eval success rate is: 0.050, std is: 0.050
[2022-02-05 16:59:10.372360] epoch is: 15, eval success rate is: 0.225, std is: 0.148
[2022-02-05 17:02:10.569674] epoch is: 16, eval success rate is: 0.275, std is: 0.109
[2022-02-05 17:05:17.840855] epoch is: 17, eval success rate is: 0.550, std is: 0.050
[2022-02-05 17:09:09.991423] epoch is: 18, eval success rate is: 0.550, std is: 0.050
[2022-02-05 17:12:49.754702] epoch is: 19, eval success rate is: 0.625, std is: 0.083
[2022-02-05 17:16:56.121622] epoch is: 20, eval success rate is: 0.700, std is: 0.000
[2022-02-05 17:21:02.018898] epoch is: 21, eval success rate is: 0.700, std is: 0.071
[2022-02-05 17:25:01.926207] epoch is: 22, eval success rate is: 0.775, std is: 0.083
[2022-02-05 17:28:14.090117] epoch is: 23, eval success rate is: 0.925, std is: 0.083
[2022-02-05 17:32:00.516911] epoch is: 24, eval success rate is: 0.900, std is: 0.071
[2022-02-05 17:35:42.938609] epoch is: 25, eval success rate is: 0.800, std is: 0.071
[2022-02-05 17:37:57.833757] epoch is: 26, eval success rate is: 0.925, std is: 0.130
[2022-02-05 17:40:34.900942] epoch is: 27, eval success rate is: 0.925, std is: 0.043
[2022-02-05 18:09:04.675196] epoch is: 28, eval success rate is: 1.000, std is: 0.000
