env.spec.id:  ur5_push_no_gripper-v1
args: 
------------------------------------------
ARGS                     VALUE          
|env_name               | ur5_push_no_gripper-v1|
|n_epochs               | 80             |
|n_cycles               | 50             |
|n_batches              | 40             |
|save_interval          | 5              |
|seed                   | 123            |
|num_workers            | 1              |
|replay_strategy        | future         |
|clip_return            | 50             |
|save_dir               | saved_models/  |
|noise_eps              | 0.2            |
|random_eps             | 0.3            |
|buffer_size            | 1000000        |
|replay_k               | 4              |
|clip_obs               | 200            |
|batch_size             | 256            |
|gamma                  | 0.98           |
|action_l2              | 1              |
|lr_actor               | 0.001          |
|lr_critic              | 0.001          |
|polyak                 | 0.95           |
|n_test_rollouts        | 10             |
|clip_range             | 5              |
|demo_length            | 20             |
|cuda                   | 0              |
|num_rollouts_per_mpi   | 2              |
|continue_training      | 1              |
------------------------------------------
env_inits: 
ENV_INIT                 VALUE          
|gripper_extra_height   | -0.2           |
|has_object             | 1              |
|target_in_the_air      | 0              |
|target_offset          | 0.0            |
|obj_range              | 0.15           |
|target_range           | 0.2            |
|distance_threshold     | 0.025          |
|reward_type            | sparse         |
|max_pos_change         | 0.025          |
|reduced_obs            | 1              |
------------------------------------------
env_dimensions: 
|obs                    | 19             |
|goal                   | 3              |
|action                 | 4              |
|action_max             | 1.0            |
|max_timesteps          | 100            |
------------------------------------------
CONTINUE TRAINING...
Continuing from 2021-12-12T20:22:04.220598_epoch_19.pt 
log file from last prior training:

env.spec.id:  ur5_push_no_gripper-v1

args: 

------------------------------------------

ARGS                     VALUE          

|env_name               | ur5_push_no_gripper-v1|

|n_epochs               | 80             |

|n_cycles               | 50             |

|n_batches              | 40             |

|save_interval          | 5              |

|seed                   | 123            |

|num_workers            | 1              |

|replay_strategy        | future         |

|clip_return            | 50             |

|save_dir               | saved_models/  |

|noise_eps              | 0.2            |

|random_eps             | 0.3            |

|buffer_size            | 1000000        |

|replay_k               | 4              |

|clip_obs               | 200            |

|batch_size             | 256            |

|gamma                  | 0.98           |

|action_l2              | 1              |

|lr_actor               | 0.001          |

|lr_critic              | 0.001          |

|polyak                 | 0.95           |

|n_test_rollouts        | 10             |

|clip_range             | 5              |

|demo_length            | 20             |

|cuda                   | 0              |

|num_rollouts_per_mpi   | 2              |

|continue_training      | 0              |

------------------------------------------

env_inits: 

ENV_INIT                 VALUE          

|gripper_extra_height   | -0.2           |

|has_object             | 1              |

|target_in_the_air      | 0              |

|target_offset          | 0.0            |

|obj_range              | 0.15           |

|target_range           | 0.15           |

|distance_threshold     | 0.05           |

|reward_type            | sparse         |

|max_pos_change         | 0.025          |

|reduced_obs            | 1              |

------------------------------------------

env_dimensions: 

|obs                    | 19             |

|goal                   | 3              |

|action                 | 4              |

|action_max             | 1.0            |

|max_timesteps          | 100            |

------------------------------------------

[2021-12-12 19:39:13.358297] epoch is: 0, eval success rate is: 0.075, std is: 0.083

[2021-12-12 19:41:20.108956] epoch is: 1, eval success rate is: 0.050, std is: 0.050

[2021-12-12 19:43:26.787517] epoch is: 2, eval success rate is: 0.125, std is: 0.083

[2021-12-12 19:45:40.687612] epoch is: 3, eval success rate is: 0.100, std is: 0.100

[2021-12-12 19:47:54.721582] epoch is: 4, eval success rate is: 0.075, std is: 0.083

[2021-12-12 19:50:05.200973] epoch is: 5, eval success rate is: 0.325, std is: 0.083

[2021-12-12 19:52:23.083471] epoch is: 6, eval success rate is: 0.400, std is: 0.071

[2021-12-12 19:54:27.590689] epoch is: 7, eval success rate is: 0.550, std is: 0.206

[2021-12-12 19:56:36.455214] epoch is: 8, eval success rate is: 0.625, std is: 0.192

[2021-12-12 19:58:43.974404] epoch is: 9, eval success rate is: 0.700, std is: 0.122

[2021-12-12 20:00:59.082877] epoch is: 10, eval success rate is: 0.725, std is: 0.083

[2021-12-12 20:03:30.721045] epoch is: 11, eval success rate is: 0.675, std is: 0.130

[2021-12-12 20:05:36.852981] epoch is: 12, eval success rate is: 0.675, std is: 0.109

[2021-12-12 20:07:46.927351] epoch is: 13, eval success rate is: 0.800, std is: 0.158

[2021-12-12 20:10:07.393775] epoch is: 14, eval success rate is: 0.950, std is: 0.087

[2021-12-12 20:12:24.664856] epoch is: 15, eval success rate is: 0.975, std is: 0.043

[2021-12-12 20:14:37.067205] epoch is: 16, eval success rate is: 0.975, std is: 0.043

[2021-12-12 20:17:06.962694] epoch is: 17, eval success rate is: 1.000, std is: 0.000

[2021-12-12 20:19:28.639345] epoch is: 18, eval success rate is: 1.000, std is: 0.000

[2021-12-12 20:22:04.220350] epoch is: 19, eval success rate is: 0.950, std is: 0.050

[2021-12-12 23:29:14.108164] epoch is: 0, eval success rate is: 0.025, std is: 0.043
[2021-12-12 23:32:21.987516] epoch is: 1, eval success rate is: 0.000, std is: 0.000
[2021-12-12 23:34:27.717831] epoch is: 2, eval success rate is: 0.000, std is: 0.000
[2021-12-12 23:36:47.208407] epoch is: 3, eval success rate is: 0.000, std is: 0.000
[2021-12-12 23:39:05.574946] epoch is: 4, eval success rate is: 0.075, std is: 0.083
[2021-12-12 23:42:07.182054] epoch is: 5, eval success rate is: 0.000, std is: 0.000
[2021-12-12 23:45:17.609027] epoch is: 6, eval success rate is: 0.200, std is: 0.122
[2021-12-12 23:48:32.313921] epoch is: 7, eval success rate is: 0.075, std is: 0.043
[2021-12-12 23:51:00.789982] epoch is: 8, eval success rate is: 0.175, std is: 0.109
[2021-12-12 23:53:27.329403] epoch is: 9, eval success rate is: 0.300, std is: 0.100
[2021-12-12 23:55:55.623404] epoch is: 10, eval success rate is: 0.200, std is: 0.000
[2021-12-12 23:58:02.470627] epoch is: 11, eval success rate is: 0.250, std is: 0.050
[2021-12-13 00:00:08.823755] epoch is: 12, eval success rate is: 0.325, std is: 0.192
[2021-12-13 00:02:16.439473] epoch is: 13, eval success rate is: 0.475, std is: 0.192
[2021-12-13 00:04:22.817855] epoch is: 14, eval success rate is: 0.425, std is: 0.130
[2021-12-13 00:06:29.389551] epoch is: 15, eval success rate is: 0.625, std is: 0.083
[2021-12-13 00:08:36.418615] epoch is: 16, eval success rate is: 0.575, std is: 0.109
[2021-12-13 00:10:42.973164] epoch is: 17, eval success rate is: 0.675, std is: 0.179
[2021-12-13 00:12:49.865534] epoch is: 18, eval success rate is: 0.725, std is: 0.083
[2021-12-13 00:14:57.673578] epoch is: 19, eval success rate is: 0.850, std is: 0.112
[2021-12-13 00:17:05.479471] epoch is: 20, eval success rate is: 0.825, std is: 0.083
[2021-12-13 00:19:53.733679] epoch is: 21, eval success rate is: 0.950, std is: 0.050
[2021-12-13 00:21:55.473727] epoch is: 22, eval success rate is: 0.900, std is: 0.071
[2021-12-13 00:23:54.815394] epoch is: 23, eval success rate is: 0.900, std is: 0.000
[2021-12-13 00:25:53.627744] epoch is: 24, eval success rate is: 0.900, std is: 0.100
[2021-12-13 00:27:52.855100] epoch is: 25, eval success rate is: 0.975, std is: 0.043
[2021-12-13 00:29:51.193267] epoch is: 26, eval success rate is: 0.925, std is: 0.043
[2021-12-13 00:31:51.048864] epoch is: 27, eval success rate is: 0.975, std is: 0.043
[2021-12-13 00:33:49.708216] epoch is: 28, eval success rate is: 0.975, std is: 0.043
[2021-12-13 00:35:49.483906] epoch is: 29, eval success rate is: 0.925, std is: 0.083
[2021-12-13 00:37:49.770187] epoch is: 30, eval success rate is: 0.925, std is: 0.083
[2021-12-13 00:39:49.608356] epoch is: 31, eval success rate is: 0.975, std is: 0.043
[2021-12-13 00:41:51.259625] epoch is: 32, eval success rate is: 1.000, std is: 0.000
[2021-12-13 00:43:52.060919] epoch is: 33, eval success rate is: 1.000, std is: 0.000
[2021-12-13 00:45:52.134560] epoch is: 34, eval success rate is: 1.000, std is: 0.000
[2021-12-13 00:47:53.182694] epoch is: 35, eval success rate is: 0.975, std is: 0.043
[2021-12-13 00:49:52.948237] epoch is: 36, eval success rate is: 1.000, std is: 0.000
[2021-12-13 00:51:53.359357] epoch is: 37, eval success rate is: 0.950, std is: 0.050
[2021-12-13 00:53:53.954590] epoch is: 38, eval success rate is: 1.000, std is: 0.000
[2021-12-13 00:55:54.796155] epoch is: 39, eval success rate is: 0.950, std is: 0.050
[2021-12-13 00:57:55.016191] epoch is: 40, eval success rate is: 0.975, std is: 0.043
[2021-12-13 00:59:56.104187] epoch is: 41, eval success rate is: 0.975, std is: 0.043
[2021-12-13 01:01:57.887908] epoch is: 42, eval success rate is: 0.975, std is: 0.043
[2021-12-13 01:03:58.460169] epoch is: 43, eval success rate is: 1.000, std is: 0.000
[2021-12-13 01:05:58.846956] epoch is: 44, eval success rate is: 0.900, std is: 0.100
[2021-12-13 01:07:59.845552] epoch is: 45, eval success rate is: 0.975, std is: 0.043
[2021-12-13 01:10:02.175797] epoch is: 46, eval success rate is: 0.925, std is: 0.083
[2021-12-13 01:12:03.758813] epoch is: 47, eval success rate is: 1.000, std is: 0.000
[2021-12-13 01:14:05.950768] epoch is: 48, eval success rate is: 1.000, std is: 0.000
[2021-12-13 01:16:06.999196] epoch is: 49, eval success rate is: 0.950, std is: 0.050
[2021-12-13 01:18:07.770076] epoch is: 50, eval success rate is: 0.975, std is: 0.043
[2021-12-13 01:20:09.866037] epoch is: 51, eval success rate is: 0.975, std is: 0.043
[2021-12-13 01:22:11.257083] epoch is: 52, eval success rate is: 0.925, std is: 0.043
[2021-12-13 01:24:12.657716] epoch is: 53, eval success rate is: 1.000, std is: 0.000
[2021-12-13 01:26:14.150266] epoch is: 54, eval success rate is: 0.950, std is: 0.050
[2021-12-13 01:28:15.068384] epoch is: 55, eval success rate is: 0.975, std is: 0.043
[2021-12-13 01:30:17.240463] epoch is: 56, eval success rate is: 0.975, std is: 0.043
[2021-12-13 01:32:18.292179] epoch is: 57, eval success rate is: 0.950, std is: 0.087
[2021-12-13 01:34:20.437507] epoch is: 58, eval success rate is: 0.975, std is: 0.043
[2021-12-13 01:36:22.016720] epoch is: 59, eval success rate is: 1.000, std is: 0.000
[2021-12-13 01:38:23.689202] epoch is: 60, eval success rate is: 0.975, std is: 0.043
[2021-12-13 01:40:26.147292] epoch is: 61, eval success rate is: 1.000, std is: 0.000
[2021-12-13 01:42:29.308866] epoch is: 62, eval success rate is: 0.975, std is: 0.043
[2021-12-13 01:44:30.951568] epoch is: 63, eval success rate is: 1.000, std is: 0.000
[2021-12-13 01:46:32.811923] epoch is: 64, eval success rate is: 0.950, std is: 0.050
[2021-12-13 01:48:35.428759] epoch is: 65, eval success rate is: 1.000, std is: 0.000
[2021-12-13 01:50:37.232217] epoch is: 66, eval success rate is: 0.925, std is: 0.083
[2021-12-13 01:52:39.393433] epoch is: 67, eval success rate is: 0.975, std is: 0.043
[2021-12-13 01:54:41.919552] epoch is: 68, eval success rate is: 1.000, std is: 0.000
[2021-12-13 01:56:44.978045] epoch is: 69, eval success rate is: 0.975, std is: 0.043
[2021-12-13 01:58:46.879730] epoch is: 70, eval success rate is: 0.975, std is: 0.043
[2021-12-13 02:00:49.371380] epoch is: 71, eval success rate is: 1.000, std is: 0.000
[2021-12-13 02:02:52.322846] epoch is: 72, eval success rate is: 0.925, std is: 0.083
[2021-12-13 02:05:24.714002] epoch is: 73, eval success rate is: 0.975, std is: 0.043
