env.spec.id:  ur5_pick_and_place_rg2-v1
args: 
------------------------------------------
ARGS                     VALUE          
|env_name               | ur5_pick_and_place_rg2-v1|
|n_epochs               | 80             |
|n_cycles               | 50             |
|n_batches              | 40             |
|save_interval          | 5              |
|seed                   | 123            |
|num_workers            | 1              |
|replay_strategy        | future         |
|clip_return            | 50             |
|save_dir               | saved_models/  |
|noise_eps              | 0.2            |
|random_eps             | 0.3            |
|buffer_size            | 1000000        |
|replay_k               | 4              |
|clip_obs               | 200            |
|batch_size             | 256            |
|gamma                  | 0.98           |
|action_l2              | 1              |
|lr_actor               | 0.001          |
|lr_critic              | 0.001          |
|polyak                 | 0.95           |
|n_test_rollouts        | 10             |
|clip_range             | 5              |
|demo_length            | 20             |
|cuda                   | 0              |
|num_rollouts_per_mpi   | 2              |
|continue_training      | 0              |
|record_demo            | 0              |
------------------------------------------
env_inits: 
ENV_INIT                 VALUE          
|gripper_extra_height   | -0.1           |
|has_object             | 1              |
|target_in_the_air      | 1              |
|target_offset          | 0.0            |
|obj_range              | 0.15           |
|target_range           | 0.15           |
|distance_threshold     | 0.05           |
|reward_type            | sparse         |
|max_pos_change         | 0.05           |
|reduced_obs            | 1              |
|n_substeps             | 20             |
------------------------------------------
env_dimensions: 
|obs                    | 19             |
|goal                   | 3              |
|action                 | 4              |
|action_max             | 1.0            |
|max_timesteps          | 100            |
------------------------------------------
[2022-01-12 11:42:09.177255] epoch is: 0, eval success rate is: 0.000, std is: 0.000
[2022-01-12 11:44:59.729093] epoch is: 1, eval success rate is: 0.000, std is: 0.000
[2022-01-12 11:47:24.455555] epoch is: 2, eval success rate is: 0.000, std is: 0.000
[2022-01-12 11:50:30.412271] epoch is: 3, eval success rate is: 0.000, std is: 0.000
[2022-01-12 11:52:48.344673] epoch is: 4, eval success rate is: 0.025, std is: 0.043
[2022-01-12 11:55:04.257312] epoch is: 5, eval success rate is: 0.000, std is: 0.000
[2022-01-12 11:57:21.797141] epoch is: 6, eval success rate is: 0.000, std is: 0.000
[2022-01-12 11:59:38.857402] epoch is: 7, eval success rate is: 0.000, std is: 0.000
[2022-01-12 12:01:56.936844] epoch is: 8, eval success rate is: 0.025, std is: 0.043
[2022-01-12 12:04:49.860807] epoch is: 9, eval success rate is: 0.050, std is: 0.050
[2022-01-12 12:07:10.801740] epoch is: 10, eval success rate is: 0.025, std is: 0.043
[2022-01-12 12:09:28.328736] epoch is: 11, eval success rate is: 0.075, std is: 0.083
[2022-01-12 12:11:46.629169] epoch is: 12, eval success rate is: 0.025, std is: 0.043
[2022-01-12 12:15:33.935376] epoch is: 13, eval success rate is: 0.050, std is: 0.087
[2022-01-12 12:19:35.124720] epoch is: 14, eval success rate is: 0.125, std is: 0.043
[2022-01-12 12:23:09.626552] epoch is: 15, eval success rate is: 0.125, std is: 0.043
[2022-01-12 12:25:35.231644] epoch is: 16, eval success rate is: 0.100, std is: 0.071
[2022-01-12 12:27:43.067018] epoch is: 17, eval success rate is: 0.250, std is: 0.112
[2022-01-12 12:29:41.374333] epoch is: 18, eval success rate is: 0.150, std is: 0.050
[2022-01-12 12:31:38.836122] epoch is: 19, eval success rate is: 0.200, std is: 0.141
[2022-01-12 12:33:36.827471] epoch is: 20, eval success rate is: 0.200, std is: 0.071
[2022-01-12 12:35:49.994005] epoch is: 21, eval success rate is: 0.350, std is: 0.112
[2022-01-12 12:37:59.631607] epoch is: 22, eval success rate is: 0.425, std is: 0.148
[2022-01-12 12:40:26.717509] epoch is: 23, eval success rate is: 0.625, std is: 0.179
[2022-01-12 12:44:34.886441] epoch is: 24, eval success rate is: 0.600, std is: 0.158
[2022-01-12 12:46:53.888863] epoch is: 25, eval success rate is: 0.425, std is: 0.083
[2022-01-12 12:48:57.165317] epoch is: 26, eval success rate is: 0.950, std is: 0.050
[2022-01-12 12:50:59.314565] epoch is: 27, eval success rate is: 0.950, std is: 0.050
[2022-01-12 12:53:02.141593] epoch is: 28, eval success rate is: 0.950, std is: 0.050
[2022-01-12 12:55:04.661483] epoch is: 29, eval success rate is: 1.000, std is: 0.000
[2022-01-12 12:57:07.436597] epoch is: 30, eval success rate is: 0.775, std is: 0.083
[2022-01-12 12:59:11.158185] epoch is: 31, eval success rate is: 0.750, std is: 0.050
[2022-01-12 13:01:15.383627] epoch is: 32, eval success rate is: 0.850, std is: 0.050
[2022-01-12 13:03:20.903161] epoch is: 33, eval success rate is: 1.000, std is: 0.000
[2022-01-12 13:05:25.430138] epoch is: 34, eval success rate is: 0.950, std is: 0.050
[2022-01-12 13:07:30.682752] epoch is: 35, eval success rate is: 1.000, std is: 0.000
[2022-01-12 13:09:37.461580] epoch is: 36, eval success rate is: 1.000, std is: 0.000
[2022-01-12 13:11:42.811045] epoch is: 37, eval success rate is: 0.925, std is: 0.043
[2022-01-12 13:13:48.864740] epoch is: 38, eval success rate is: 0.975, std is: 0.043
[2022-01-12 13:15:56.243062] epoch is: 39, eval success rate is: 0.975, std is: 0.043
[2022-01-12 13:18:03.787344] epoch is: 40, eval success rate is: 0.950, std is: 0.087
[2022-01-12 13:20:10.057763] epoch is: 41, eval success rate is: 1.000, std is: 0.000
[2022-01-12 13:22:18.169230] epoch is: 42, eval success rate is: 0.975, std is: 0.043
[2022-01-12 13:24:24.856867] epoch is: 43, eval success rate is: 0.975, std is: 0.043
[2022-01-12 13:26:34.671359] epoch is: 44, eval success rate is: 1.000, std is: 0.000
[2022-01-12 13:28:40.849374] epoch is: 45, eval success rate is: 0.950, std is: 0.050
[2022-01-12 13:30:56.663385] epoch is: 46, eval success rate is: 1.000, std is: 0.000
